2020-11-19T14:31:34.0767626+03:00  [INF] User profile is available. Using '"C:\Users\Dmitry\AppData\Local\ASP.NET\DataProtection-Keys"' as key repository and Windows DPAPI to encrypt keys at rest. (7ac5e29c)
2020-11-19T14:31:34.3004318+03:00  [INF] Application started. Press Ctrl+C to shut down. (dcaefe54)
2020-11-19T14:31:34.3019205+03:00  [INF] Hosting environment: "Development" (c3307c92)
2020-11-19T14:31:34.3027474+03:00  [INF] Content root path: "D:\projects\craftwork-project\CraftworkProject.Web" (b5d60022)
2020-11-19T14:31:34.3198321+03:00 80000002-0008-ff00-b63f-84710c7967bb [INF] Request starting HTTP/2.0 GET https://localhost:44345/   (ca22a1cb)
2020-11-19T14:31:34.3508855+03:00 80000002-0008-ff00-b63f-84710c7967bb [INF] Executing endpoint '"CraftworkProject.Web.Controllers.HomeController.Index (CraftworkProject.Web)"' (500cc934)
2020-11-19T14:31:34.3879808+03:00 80000002-0008-ff00-b63f-84710c7967bb [INF] Route matched with "{action = \"Index\", controller = \"Home\", area = \"\"}". Executing controller action with signature "Microsoft.AspNetCore.Mvc.IActionResult Index()" on controller "CraftworkProject.Web.Controllers.HomeController" ("CraftworkProject.Web"). (122b2fdf)
2020-11-19T14:32:50.4449012+03:00  [INF] User profile is available. Using '"C:\Users\Dmitry\AppData\Local\ASP.NET\DataProtection-Keys"' as key repository and Windows DPAPI to encrypt keys at rest. (7ac5e29c)
2020-11-19T14:32:50.6146545+03:00  [INF] Application started. Press Ctrl+C to shut down. (dcaefe54)
2020-11-19T14:32:50.6159333+03:00  [INF] Hosting environment: "Development" (c3307c92)
2020-11-19T14:32:50.6166925+03:00  [INF] Content root path: "D:\projects\craftwork-project\CraftworkProject.Web" (b5d60022)
2020-11-19T14:32:50.6350266+03:00 80000002-0003-fd00-b63f-84710c7967bb [INF] Request starting HTTP/2.0 GET https://localhost:44345/   (ca22a1cb)
2020-11-19T14:32:50.6650170+03:00 80000002-0003-fd00-b63f-84710c7967bb [INF] Executing endpoint '"CraftworkProject.Web.Controllers.HomeController.Index (CraftworkProject.Web)"' (500cc934)
2020-11-19T14:32:50.6966750+03:00 80000002-0003-fd00-b63f-84710c7967bb [INF] Route matched with "{action = \"Index\", controller = \"Home\", area = \"\"}". Executing controller action with signature "Microsoft.AspNetCore.Mvc.IActionResult Index()" on controller "CraftworkProject.Web.Controllers.HomeController" ("CraftworkProject.Web"). (122b2fdf)
2020-11-19T14:33:15.9497986+03:00  [INF] User profile is available. Using '"C:\Users\Dmitry\AppData\Local\ASP.NET\DataProtection-Keys"' as key repository and Windows DPAPI to encrypt keys at rest. (7ac5e29c)
2020-11-19T14:33:16.1300959+03:00  [INF] Application started. Press Ctrl+C to shut down. (dcaefe54)
2020-11-19T14:33:16.1314958+03:00  [INF] Hosting environment: "Development" (c3307c92)
2020-11-19T14:33:16.1323346+03:00  [INF] Content root path: "D:\projects\craftwork-project\CraftworkProject.Web" (b5d60022)
2020-11-19T14:33:16.1496147+03:00 80000002-0009-fd00-b63f-84710c7967bb [INF] Request starting HTTP/2.0 GET https://localhost:44345/   (ca22a1cb)
2020-11-19T14:33:16.1799469+03:00 80000002-0009-fd00-b63f-84710c7967bb [INF] Executing endpoint '"CraftworkProject.Web.Controllers.HomeController.Index (CraftworkProject.Web)"' (500cc934)
2020-11-19T14:33:16.2119789+03:00 80000002-0009-fd00-b63f-84710c7967bb [INF] Route matched with "{action = \"Index\", controller = \"Home\", area = \"\"}". Executing controller action with signature "Microsoft.AspNetCore.Mvc.IActionResult Index()" on controller "CraftworkProject.Web.Controllers.HomeController" ("CraftworkProject.Web"). (122b2fdf)
2020-11-19T14:33:16.8698799+03:00 80000002-0009-fd00-b63f-84710c7967bb [INF] Entity Framework Core "5.0.0-rc.1.20451.13" initialized '"ApplicationDbContext"' using provider '"Npgsql.EntityFrameworkCore.PostgreSQL"' with options: "None" (9958f5bb)
2020-11-19T14:33:17.6576800+03:00 80000002-0009-fd00-b63f-84710c7967bb [INF] Executed DbCommand ("31"ms) [Parameters=[""], CommandType='Text', CommandTimeout='30']"
""SELECT c.\"Id\", c.\"Desc\", c.\"Name\"
FROM \"Categories\" AS c" (0723d8ff)
2020-11-19T14:33:17.7790049+03:00 80000002-0009-fd00-b63f-84710c7967bb [INF] Executed DbCommand ("33"ms) [Parameters=["@__category_Id_0='?' (DbType = Guid)"], CommandType='Text', CommandTimeout='30']"
""SELECT p.\"Id\", p.\"CategoryId\", p.\"Desc\", p.\"ImagePath\", p.\"InStock\", p.\"Name\", p.\"Price\", p.\"RatesCount\", p.\"Rating\", p.\"ShortDesc\"
FROM \"Products\" AS p
WHERE p.\"CategoryId\" = @__category_Id_0" (0723d8ff)
2020-11-19T14:33:17.8138647+03:00 80000002-0009-fd00-b63f-84710c7967bb [INF] Executing ViewResult, running view "Index". (c83d0e25)
2020-11-19T14:33:17.9347360+03:00 80000002-0009-fd00-b63f-84710c7967bb [INF] Executed ViewResult - view "Index" executed in 119.9392ms. (f66409e9)
2020-11-19T14:33:17.9362043+03:00 80000002-0009-fd00-b63f-84710c7967bb [INF] Executed action "CraftworkProject.Web.Controllers.HomeController.Index (CraftworkProject.Web)" in 1722.8603ms (afa2e885)
2020-11-19T14:33:17.9379777+03:00 80000002-0009-fd00-b63f-84710c7967bb [INF] Executed endpoint '"CraftworkProject.Web.Controllers.HomeController.Index (CraftworkProject.Web)"' (99874f2b)
2020-11-19T14:33:17.9463116+03:00 80000002-0009-fd00-b63f-84710c7967bb [INF] Request finished in 1800.0598ms 200 text/html; charset=utf-8 (791a596a)
2020-11-19T14:33:17.9586296+03:00 80000004-0003-fd00-b63f-84710c7967bb [INF] Request starting HTTP/2.0 GET https://localhost:44345/plugins/bootstrap/css/bootstrap4.min.css   (ca22a1cb)
2020-11-19T14:33:17.9651113+03:00 80000002-000a-ff00-b63f-84710c7967bb [INF] Request starting HTTP/2.0 GET https://localhost:44345/plugins/font-awesome/css/font-awesome.min.css   (ca22a1cb)
2020-11-19T14:33:17.9678201+03:00 80000002-0004-ff00-b63f-84710c7967bb [INF] Request starting HTTP/2.0 GET https://localhost:44345/plugins/bootstrap/css/bootstrap-slider.css   (ca22a1cb)
2020-11-19T14:33:17.9762768+03:00 80000002-0009-fb00-b63f-84710c7967bb [INF] Request starting HTTP/2.0 GET https://localhost:44345/plugins/bootstrap/js/bootstrap.min.js   (ca22a1cb)
2020-11-19T14:33:17.9772072+03:00 80000002-000b-fe00-b63f-84710c7967bb [INF] Request starting HTTP/2.0 GET https://localhost:44345/plugins/fancybox/jquery.fancybox.pack.css   (ca22a1cb)
2020-11-19T14:33:17.9783690+03:00 80000002-000a-fe00-b63f-84710c7967bb [INF] Request starting HTTP/2.0 GET https://localhost:44345/plugins/slick-carousel/slick/slick-theme.css   (ca22a1cb)
2020-11-19T14:33:17.9794803+03:00 80000002-0005-ff00-b63f-84710c7967bb [INF] Request starting HTTP/2.0 GET https://localhost:44345/plugins/bootstrap/js/bootstrap-slider.js   (ca22a1cb)
2020-11-19T14:33:17.9804528+03:00 80000002-0006-ff00-b63f-84710c7967bb [INF] Request starting HTTP/2.0 GET https://localhost:44345/plugins/slick-carousel/slick/slick.min.js   (ca22a1cb)
2020-11-19T14:33:17.9814484+03:00 80000002-000a-fc00-b63f-84710c7967bb [INF] Request starting HTTP/2.0 GET https://localhost:44345/plugins/bootstrap/js/popper.min.js   (ca22a1cb)
2020-11-19T14:33:17.9823802+03:00 80000002-0000-ff00-b63f-84710c7967bb [INF] Request starting HTTP/2.0 GET https://localhost:44345/plugins/jquery-nice-select/js/jquery.nice-select.min.js   (ca22a1cb)
2020-11-19T14:33:17.9833068+03:00 80000002-000b-fd00-b63f-84710c7967bb [INF] Request starting HTTP/2.0 GET https://localhost:44345/plugins/jQuery/jquery.min.js   (ca22a1cb)
2020-11-19T14:33:17.9912551+03:00 80000004-0003-fe00-b63f-84710c7967bb [INF] Request starting HTTP/2.0 GET https://localhost:44345/plugins/smoothscroll/SmoothScroll.min.js   (ca22a1cb)
2020-11-19T14:33:18.0147036+03:00 80000004-0003-ff00-b63f-84710c7967bb [INF] Request starting HTTP/2.0 GET https://localhost:44345/plugins/fancybox/jquery.fancybox.pack.js   (ca22a1cb)
2020-11-19T14:33:18.0158166+03:00 80000002-0003-fc00-b63f-84710c7967bb [INF] Request starting HTTP/2.0 GET https://localhost:44345/plugins/star-rating-svg/jquery.star-rating-svg.js   (ca22a1cb)
2020-11-19T14:33:18.0160396+03:00 80000002-000b-fe00-b63f-84710c7967bb [INF] Sending file. Request path: '"/plugins/fancybox/jquery.fancybox.pack.css"'. Physical path: '"D:\projects\craftwork-project\CraftworkProject.Web\wwwroot\plugins\fancybox\jquery.fancybox.pack.css"' (27b0a520)
2020-11-19T14:33:18.0160318+03:00 80000002-0000-ff00-b63f-84710c7967bb [INF] Sending file. Request path: '"/plugins/jquery-nice-select/js/jquery.nice-select.min.js"'. Physical path: '"D:\projects\craftwork-project\CraftworkProject.Web\wwwroot\plugins\jquery-nice-select\js\jquery.nice-select.min.js"' (27b0a520)
2020-11-19T14:33:18.0160465+03:00 80000002-0004-ff00-b63f-84710c7967bb [INF] Sending file. Request path: '"/plugins/bootstrap/css/bootstrap-slider.css"'. Physical path: '"D:\projects\craftwork-project\CraftworkProject.Web\wwwroot\plugins\bootstrap\css\bootstrap-slider.css"' (27b0a520)
2020-11-19T14:33:18.0160558+03:00 80000002-000a-fe00-b63f-84710c7967bb [INF] Sending file. Request path: '"/plugins/slick-carousel/slick/slick-theme.css"'. Physical path: '"D:\projects\craftwork-project\CraftworkProject.Web\wwwroot\plugins\slick-carousel\slick\slick-theme.css"' (27b0a520)
2020-11-19T14:33:18.0160444+03:00 80000004-0003-fe00-b63f-84710c7967bb [INF] Sending file. Request path: '"/plugins/smoothscroll/SmoothScroll.min.js"'. Physical path: '"D:\projects\craftwork-project\CraftworkProject.Web\wwwroot\plugins\smoothscroll\SmoothScroll.min.js"' (27b0a520)
2020-11-19T14:33:18.0204689+03:00 80000002-000b-fe00-b63f-84710c7967bb [INF] Request finished in 53.4121ms 200 text/css (791a596a)
2020-11-19T14:33:18.0217836+03:00 80000004-0003-fe00-b63f-84710c7967bb [INF] Request finished in 26.2139ms 200 application/javascript (791a596a)
2020-11-19T14:33:18.0232412+03:00 80000002-000b-ff00-b63f-84710c7967bb [INF] Request starting HTTP/2.0 GET https://localhost:44345/plugins/slick-carousel/slick/slick.css   (ca22a1cb)
2020-11-19T14:33:18.0245165+03:00 80000002-0004-ff00-b63f-84710c7967bb [INF] Request finished in 62.4635ms 200 text/css (791a596a)
2020-11-19T14:33:18.0256403+03:00 80000002-000b-fb00-b63f-84710c7967bb [INF] Request starting HTTP/2.0 GET https://localhost:44345/plugins/raty/jquery.raty-fa.js   (ca22a1cb)
2020-11-19T14:33:18.0268612+03:00 80000002-000b-fc00-b63f-84710c7967bb [INF] Request starting HTTP/2.0 GET https://localhost:44345/plugins/tether/js/tether.min.js   (ca22a1cb)
2020-11-19T14:33:18.0280204+03:00 80000002-000a-fe00-b63f-84710c7967bb [INF] Request finished in 53.4213ms 200 text/css (791a596a)
2020-11-19T14:33:18.0294409+03:00 80000002-000a-ff00-b63f-84710c7967bb [INF] Sending file. Request path: '"/plugins/font-awesome/css/font-awesome.min.css"'. Physical path: '"D:\projects\craftwork-project\CraftworkProject.Web\wwwroot\plugins\font-awesome\css\font-awesome.min.css"' (27b0a520)
2020-11-19T14:33:18.0305346+03:00 80000002-000b-ff00-b63f-84710c7967bb [INF] Sending file. Request path: '"/plugins/slick-carousel/slick/slick.css"'. Physical path: '"D:\projects\craftwork-project\CraftworkProject.Web\wwwroot\plugins\slick-carousel\slick\slick.css"' (27b0a520)
2020-11-19T14:33:18.0319476+03:00 80000002-000a-fd00-b63f-84710c7967bb [INF] Request starting HTTP/2.0 GET https://localhost:44345/css/style.css   (ca22a1cb)
2020-11-19T14:33:18.0329714+03:00 80000002-000b-fc00-b63f-84710c7967bb [INF] Sending file. Request path: '"/plugins/tether/js/tether.min.js"'. Physical path: '"D:\projects\craftwork-project\CraftworkProject.Web\wwwroot\plugins\tether\js\tether.min.js"' (27b0a520)
2020-11-19T14:33:18.0361112+03:00 80000002-000b-ff00-b63f-84710c7967bb [INF] Request finished in 14.3011ms 200 text/css (791a596a)
2020-11-19T14:33:18.0375008+03:00 80000002-000a-ff00-b63f-84710c7967bb [INF] Request finished in 81.8244ms 200 text/css (791a596a)
2020-11-19T14:33:18.0387721+03:00 80000002-000b-fc00-b63f-84710c7967bb [INF] Request finished in 9.7669ms 200 application/javascript (791a596a)
2020-11-19T14:33:18.0398772+03:00 80000004-0003-ff00-b63f-84710c7967bb [INF] Sending file. Request path: '"/plugins/fancybox/jquery.fancybox.pack.js"'. Physical path: '"D:\projects\craftwork-project\CraftworkProject.Web\wwwroot\plugins\fancybox\jquery.fancybox.pack.js"' (27b0a520)
2020-11-19T14:33:18.0412443+03:00 80000002-0007-ff00-b63f-84710c7967bb [INF] Request starting HTTP/2.0 GET https://localhost:44345/css/error.css   (ca22a1cb)
2020-11-19T14:33:18.0431864+03:00 80000004-0003-ff00-b63f-84710c7967bb [INF] Request finished in 27.4337ms 200 application/javascript (791a596a)
2020-11-19T14:33:18.0446233+03:00 80000002-0009-fc00-b63f-84710c7967bb [INF] Request starting HTTP/2.0 GET https://localhost:44345/plugins/star-rating-svg/star-rating-svg.css   (ca22a1cb)
2020-11-19T14:33:18.0481062+03:00 80000002-0003-fc00-b63f-84710c7967bb [INF] Sending file. Request path: '"/plugins/star-rating-svg/jquery.star-rating-svg.js"'. Physical path: '"D:\projects\craftwork-project\CraftworkProject.Web\wwwroot\plugins\star-rating-svg\jquery.star-rating-svg.js"' (27b0a520)
2020-11-19T14:33:18.0505296+03:00 80000002-000b-fb00-b63f-84710c7967bb [INF] Request finished in 25.2139ms 404  (791a596a)
2020-11-19T14:33:18.0514841+03:00 80000002-0009-fb00-b63f-84710c7967bb [INF] Sending file. Request path: '"/plugins/bootstrap/js/bootstrap.min.js"'. Physical path: '"D:\projects\craftwork-project\CraftworkProject.Web\wwwroot\plugins\bootstrap\js\bootstrap.min.js"' (27b0a520)
2020-11-19T14:33:18.0530239+03:00 80000002-0005-ff00-b63f-84710c7967bb [INF] Sending file. Request path: '"/plugins/bootstrap/js/bootstrap-slider.js"'. Physical path: '"D:\projects\craftwork-project\CraftworkProject.Web\wwwroot\plugins\bootstrap\js\bootstrap-slider.js"' (27b0a520)
2020-11-19T14:33:18.0541787+03:00 80000002-0009-fb00-b63f-84710c7967bb [INF] Request finished in 88.9302ms 200 application/javascript (791a596a)
2020-11-19T14:33:18.0557738+03:00 80000002-0005-ff00-b63f-84710c7967bb [INF] Request finished in 90.7066ms 200 application/javascript (791a596a)
2020-11-19T14:33:18.0565905+03:00 80000002-0006-ff00-b63f-84710c7967bb [INF] Sending file. Request path: '"/plugins/slick-carousel/slick/slick.min.js"'. Physical path: '"D:\projects\craftwork-project\CraftworkProject.Web\wwwroot\plugins\slick-carousel\slick\slick.min.js"' (27b0a520)
2020-11-19T14:33:18.0578771+03:00 80000002-0007-ff00-b63f-84710c7967bb [INF] Sending file. Request path: '"/css/error.css"'. Physical path: '"D:\projects\craftwork-project\CraftworkProject.Web\wwwroot\css\error.css"' (27b0a520)
2020-11-19T14:33:18.0595290+03:00 80000002-000b-fd00-b63f-84710c7967bb [INF] Sending file. Request path: '"/plugins/jQuery/jquery.min.js"'. Physical path: '"D:\projects\craftwork-project\CraftworkProject.Web\wwwroot\plugins\jQuery\jquery.min.js"' (27b0a520)
2020-11-19T14:33:18.0604817+03:00 80000002-000a-fd00-b63f-84710c7967bb [INF] Sending file. Request path: '"/css/style.css"'. Physical path: '"D:\projects\craftwork-project\CraftworkProject.Web\wwwroot\css\style.css"' (27b0a520)
2020-11-19T14:33:18.0622756+03:00 80000002-000b-fd00-b63f-84710c7967bb [INF] Request finished in 83.2525ms 200 application/javascript (791a596a)
2020-11-19T14:33:18.0631959+03:00 80000002-000a-fd00-b63f-84710c7967bb [INF] Request finished in 32.3758ms 200 text/css (791a596a)
2020-11-19T14:33:18.0644542+03:00 80000004-0003-fd00-b63f-84710c7967bb [INF] Sending file. Request path: '"/plugins/bootstrap/css/bootstrap4.min.css"'. Physical path: '"D:\projects\craftwork-project\CraftworkProject.Web\wwwroot\plugins\bootstrap\css\bootstrap4.min.css"' (27b0a520)
2020-11-19T14:33:18.0657572+03:00 80000002-0006-ff00-b63f-84710c7967bb [INF] Request finished in 80.3975ms 200 application/javascript (791a596a)
2020-11-19T14:33:18.0671605+03:00 80000002-0007-ff00-b63f-84710c7967bb [INF] Request finished in 22.9085ms 200 text/css (791a596a)
2020-11-19T14:33:18.0683752+03:00 80000004-0003-fd00-b63f-84710c7967bb [INF] Request finished in 111.2207ms 200 text/css (791a596a)
2020-11-19T14:33:18.0697498+03:00 80000002-0009-fc00-b63f-84710c7967bb [INF] Sending file. Request path: '"/plugins/star-rating-svg/star-rating-svg.css"'. Physical path: '"D:\projects\craftwork-project\CraftworkProject.Web\wwwroot\plugins\star-rating-svg\star-rating-svg.css"' (27b0a520)
2020-11-19T14:33:18.0709782+03:00 80000002-0003-fc00-b63f-84710c7967bb [INF] Request finished in 35.2007ms 200 application/javascript (791a596a)
2020-11-19T14:33:18.0721166+03:00 80000002-0009-fc00-b63f-84710c7967bb [INF] Request finished in 53.9298ms 200 text/css (791a596a)
2020-11-19T14:33:18.0733852+03:00 80000002-000a-fc00-b63f-84710c7967bb [INF] Sending file. Request path: '"/plugins/bootstrap/js/popper.min.js"'. Physical path: '"D:\projects\craftwork-project\CraftworkProject.Web\wwwroot\plugins\bootstrap\js\popper.min.js"' (27b0a520)
2020-11-19T14:33:18.0747076+03:00 80000002-0000-ff00-b63f-84710c7967bb [INF] Request finished in 38.9876ms 200 application/javascript (791a596a)
2020-11-19T14:33:18.0760786+03:00 80000002-000a-fc00-b63f-84710c7967bb [INF] Request finished in 105.5907ms 200 application/javascript (791a596a)
2020-11-19T14:33:18.0773713+03:00 80000002-0003-fb00-b63f-84710c7967bb [INF] Request starting HTTP/2.0 GET https://localhost:44345/js/script.js   (ca22a1cb)
2020-11-19T14:33:18.0786279+03:00 80000002-0002-ff00-b63f-84710c7967bb [INF] Request starting HTTP/2.0 GET https://localhost:44345/plugins/jquery-nice-select/css/nice-select.css   (ca22a1cb)
2020-11-19T14:33:18.0800935+03:00 80000002-0003-fb00-b63f-84710c7967bb [INF] Sending file. Request path: '"/js/script.js"'. Physical path: '"D:\projects\craftwork-project\CraftworkProject.Web\wwwroot\js\script.js"' (27b0a520)
2020-11-19T14:33:18.0814600+03:00 80000002-0003-fb00-b63f-84710c7967bb [INF] Request finished in 63.9983ms 200 application/javascript (791a596a)
2020-11-19T14:33:18.0827508+03:00 80000002-0002-ff00-b63f-84710c7967bb [INF] Sending file. Request path: '"/plugins/jquery-nice-select/css/nice-select.css"'. Physical path: '"D:\projects\craftwork-project\CraftworkProject.Web\wwwroot\plugins\jquery-nice-select\css\nice-select.css"' (27b0a520)
2020-11-19T14:33:18.0843048+03:00 80000002-0002-ff00-b63f-84710c7967bb [INF] Request finished in 46.5344ms 200 text/css (791a596a)
2020-11-19T14:33:18.1272156+03:00 80000004-0002-ff00-b63f-84710c7967bb [INF] Request starting HTTP/2.0 GET https://localhost:44345/plugins/raty/jquery.raty-fa.js   (ca22a1cb)
2020-11-19T14:33:18.1312007+03:00 80000004-0002-ff00-b63f-84710c7967bb [INF] Request finished in 4.2025ms 404  (791a596a)
2020-11-19T14:33:18.1614265+03:00 80000002-0001-ff00-b63f-84710c7967bb [INF] Request starting HTTP/2.0 GET https://localhost:44345/images/home/hero.jpg   (ca22a1cb)
2020-11-19T14:33:18.1632338+03:00 80000002-0001-ff00-b63f-84710c7967bb [INF] Request finished in 1.8374ms 404  (791a596a)
2020-11-19T14:33:18.2028404+03:00 80000004-000b-fd00-b63f-84710c7967bb [INF] Request starting HTTP/2.0 POST https://localhost:44345/NotificationHub/negotiate?negotiateVersion=1 text/plain;charset=UTF-8 0 (ca22a1cb)
2020-11-19T14:33:18.2045214+03:00 80000004-000b-fd00-b63f-84710c7967bb [INF] Executing endpoint '"/NotificationHub/negotiate"' (500cc934)
2020-11-19T14:33:18.2123717+03:00 80000004-000b-fd00-b63f-84710c7967bb [INF] Executed endpoint '"/NotificationHub/negotiate"' (99874f2b)
2020-11-19T14:33:18.2136230+03:00 80000004-000b-fd00-b63f-84710c7967bb [INF] Request finished in 12.4004ms 200 application/json (791a596a)
2020-11-19T14:33:18.2186360+03:00 80000004-0005-ff00-b63f-84710c7967bb [INF] Request starting HTTP/1.1 GET https://localhost:44345/NotificationHub?id=DXmLq2TYbQ8Upgx5iYS8dw   (ca22a1cb)
2020-11-19T14:33:18.2199972+03:00 80000004-0005-ff00-b63f-84710c7967bb [INF] Executing endpoint '"/NotificationHub"' (500cc934)
2020-11-19T14:33:18.2583911+03:00 80000002-0005-fe00-b63f-84710c7967bb [INF] Request starting HTTP/2.0 GET https://localhost:44345/favicon.ico   (ca22a1cb)
2020-11-19T14:33:18.2602578+03:00 80000002-0005-fe00-b63f-84710c7967bb [INF] Request finished in 1.9746ms 404  (791a596a)
2020-11-19T14:33:18.2958552+03:00 80000004-0005-ff00-b63f-84710c7967bb [INF] Entity Framework Core "5.0.0-rc.1.20451.13" initialized '"ApplicationDbContext"' using provider '"Npgsql.EntityFrameworkCore.PostgreSQL"' with options: "None" (9958f5bb)
2020-11-19T14:33:18.3360321+03:00 80000004-0005-ff00-b63f-84710c7967bb [INF] Executed DbCommand ("30"ms) [Parameters=[""], CommandType='Text', CommandTimeout='30']"
""SELECT a.\"Id\", a.\"AccessFailedCount\", a.\"ConcurrencyStamp\", a.\"Email\", a.\"EmailConfirmed\", a.\"FirstName\", a.\"LastName\", a.\"LockoutEnabled\", a.\"LockoutEnd\", a.\"NormalizedEmail\", a.\"NormalizedUserName\", a.\"PasswordHash\", a.\"PhoneNumber\", a.\"PhoneNumberConfirmed\", a.\"ProfilePicture\", a.\"SecurityStamp\", a.\"TwoFactorEnabled\", a.\"UserName\"
FROM \"AspNetUsers\" AS a
WHERE (a.\"UserName\" IS NULL)
LIMIT 1" (0723d8ff)
2020-11-19T14:33:22.5471678+03:00 80000006-000b-fd00-b63f-84710c7967bb [INF] Request starting HTTP/2.0 GET https://localhost:44345/product?id=8a982b16-6aae-4593-833a-ed862ede4ee2   (ca22a1cb)
2020-11-19T14:33:22.5499989+03:00 80000006-000b-fd00-b63f-84710c7967bb [INF] Executing endpoint '"CraftworkProject.Web.Controllers.ProductController.Index (CraftworkProject.Web)"' (500cc934)
2020-11-19T14:33:22.5590708+03:00 80000006-000b-fd00-b63f-84710c7967bb [INF] Route matched with "{action = \"Index\", controller = \"Product\", area = \"\"}". Executing controller action with signature "Microsoft.AspNetCore.Mvc.IActionResult Index(System.Guid)" on controller "CraftworkProject.Web.Controllers.ProductController" ("CraftworkProject.Web"). (122b2fdf)
2020-11-19T14:33:22.5741242+03:00 80000006-000b-fd00-b63f-84710c7967bb [INF] Entity Framework Core "5.0.0-rc.1.20451.13" initialized '"ApplicationDbContext"' using provider '"Npgsql.EntityFrameworkCore.PostgreSQL"' with options: "None" (9958f5bb)
2020-11-19T14:33:22.6100468+03:00 80000006-000b-fd00-b63f-84710c7967bb [INF] Executed DbCommand ("30"ms) [Parameters=["@__id_0='?' (DbType = Guid)"], CommandType='Text', CommandTimeout='30']"
""SELECT p.\"Id\", p.\"CategoryId\", p.\"Desc\", p.\"ImagePath\", p.\"InStock\", p.\"Name\", p.\"Price\", p.\"RatesCount\", p.\"Rating\", p.\"ShortDesc\"
FROM \"Products\" AS p
WHERE p.\"Id\" = @__id_0
LIMIT 1" (0723d8ff)
2020-11-19T14:33:22.6478355+03:00 80000006-000b-fd00-b63f-84710c7967bb [INF] Executed DbCommand ("30"ms) [Parameters=["@__efProduct_CategoryId_0='?' (DbType = Guid)"], CommandType='Text', CommandTimeout='30']"
""SELECT c.\"Id\", c.\"Desc\", c.\"Name\"
FROM \"Categories\" AS c
WHERE c.\"Id\" = @__efProduct_CategoryId_0
LIMIT 1" (0723d8ff)
2020-11-19T14:33:22.6539184+03:00 80000006-000b-fd00-b63f-84710c7967bb [INF] Entity Framework Core "5.0.0-rc.1.20451.13" initialized '"ApplicationDbContext"' using provider '"Npgsql.EntityFrameworkCore.PostgreSQL"' with options: "None" (9958f5bb)
2020-11-19T14:33:22.6875363+03:00 80000006-000b-fd00-b63f-84710c7967bb [INF] Executed DbCommand ("30"ms) [Parameters=[""], CommandType='Text', CommandTimeout='30']"
""SELECT r.\"Id\", r.\"ProductId\", r.\"PublicationDate\", r.\"Rating\", r.\"Text\", r.\"Title\", r.\"UserId\"
FROM \"Reviews\" AS r" (0723d8ff)
2020-11-19T14:33:22.6932967+03:00 80000006-000b-fd00-b63f-84710c7967bb [INF] Entity Framework Core "5.0.0-rc.1.20451.13" initialized '"ApplicationDbContext"' using provider '"Npgsql.EntityFrameworkCore.PostgreSQL"' with options: "None" (9958f5bb)
2020-11-19T14:33:22.7265847+03:00 80000006-000b-fd00-b63f-84710c7967bb [INF] Executed DbCommand ("30"ms) [Parameters=[""], CommandType='Text', CommandTimeout='30']"
""SELECT a.\"Id\", a.\"AccessFailedCount\", a.\"ConcurrencyStamp\", a.\"Email\", a.\"EmailConfirmed\", a.\"FirstName\", a.\"LastName\", a.\"LockoutEnabled\", a.\"LockoutEnd\", a.\"NormalizedEmail\", a.\"NormalizedUserName\", a.\"PasswordHash\", a.\"PhoneNumber\", a.\"PhoneNumberConfirmed\", a.\"ProfilePicture\", a.\"SecurityStamp\", a.\"TwoFactorEnabled\", a.\"UserName\"
FROM \"AspNetUsers\" AS a
WHERE (a.\"UserName\" IS NULL)
LIMIT 1" (0723d8ff)
2020-11-19T14:33:22.7302154+03:00 80000006-000b-fd00-b63f-84710c7967bb [INF] Executing ViewResult, running view "Index". (c83d0e25)
2020-11-19T14:33:22.7396679+03:00 80000006-000b-fd00-b63f-84710c7967bb [INF] Executed ViewResult - view "Index" executed in 9.9247ms. (f66409e9)
2020-11-19T14:33:22.7410048+03:00 80000006-000b-fd00-b63f-84710c7967bb [INF] Executed action "CraftworkProject.Web.Controllers.ProductController.Index (CraftworkProject.Web)" in 180.5904ms (afa2e885)
2020-11-19T14:33:22.7422496+03:00 80000006-000b-fd00-b63f-84710c7967bb [INF] Executed endpoint '"CraftworkProject.Web.Controllers.ProductController.Index (CraftworkProject.Web)"' (99874f2b)
2020-11-19T14:33:22.7437129+03:00 80000006-000b-fd00-b63f-84710c7967bb [INF] Request finished in 197.2187ms 200 text/html; charset=utf-8 (791a596a)
2020-11-19T14:33:22.7577999+03:00 80000002-0005-fd00-b63f-84710c7967bb [INF] Request starting HTTP/2.0 GET https://localhost:44345/img/product/   (ca22a1cb)
2020-11-19T14:33:22.7577894+03:00 80000004-0005-fe00-b63f-84710c7967bb [INF] Request starting HTTP/2.0 GET https://localhost:44345/plugins/raty/jquery.raty-fa.js   (ca22a1cb)
2020-11-19T14:33:22.7598993+03:00 80000002-0005-fd00-b63f-84710c7967bb [INF] Request finished in 3.4596ms 404  (791a596a)
2020-11-19T14:33:22.7612422+03:00 80000004-0005-fe00-b63f-84710c7967bb [INF] Request finished in 3.478ms 404  (791a596a)
2020-11-19T14:33:22.7739837+03:00 80000004-0005-ff00-b63f-84710c7967bb [INF] Executed endpoint '"/NotificationHub"' (99874f2b)
2020-11-19T14:33:22.7762902+03:00 80000004-0005-ff00-b63f-84710c7967bb [INF] Request finished in 4557.7544ms 101  (791a596a)
2020-11-19T14:33:22.8133285+03:00 80000008-000b-fd00-b63f-84710c7967bb [INF] Request starting HTTP/2.0 GET https://localhost:44345/plugins/font-awesome/fonts/fontawesome-webfont.woff2?v=4.7.0   (ca22a1cb)
2020-11-19T14:33:22.8169950+03:00 80000008-000b-fd00-b63f-84710c7967bb [INF] Sending file. Request path: '"/plugins/font-awesome/fonts/fontawesome-webfont.woff2"'. Physical path: '"D:\projects\craftwork-project\CraftworkProject.Web\wwwroot\plugins\font-awesome\fonts\fontawesome-webfont.woff2"' (27b0a520)
2020-11-19T14:33:22.8185688+03:00 80000008-000b-fd00-b63f-84710c7967bb [INF] Request finished in 5.4796ms 200 font/woff2 (791a596a)
2020-11-19T14:33:22.8203281+03:00 80000004-0000-ff00-b63f-84710c7967bb [INF] Request starting HTTP/2.0 POST https://localhost:44345/NotificationHub/negotiate?negotiateVersion=1 text/plain;charset=UTF-8 0 (ca22a1cb)
2020-11-19T14:33:22.8218341+03:00 80000004-0000-ff00-b63f-84710c7967bb [INF] Executing endpoint '"/NotificationHub/negotiate"' (500cc934)
2020-11-19T14:33:22.8238161+03:00 80000004-0000-ff00-b63f-84710c7967bb [INF] Executed endpoint '"/NotificationHub/negotiate"' (99874f2b)
2020-11-19T14:33:22.8251342+03:00 80000004-0000-ff00-b63f-84710c7967bb [INF] Request finished in 5.0169ms 200 application/json (791a596a)
2020-11-19T14:33:22.8366004+03:00 80000004-0006-ff00-b63f-84710c7967bb [INF] Request starting HTTP/1.1 GET https://localhost:44345/NotificationHub?id=IFS-r4csl0CbJR5RhvpG5Q   (ca22a1cb)
2020-11-19T14:33:22.8380730+03:00 80000004-0006-ff00-b63f-84710c7967bb [INF] Executing endpoint '"/NotificationHub"' (500cc934)
2020-11-19T14:33:22.8434341+03:00 80000004-0006-ff00-b63f-84710c7967bb [INF] Entity Framework Core "5.0.0-rc.1.20451.13" initialized '"ApplicationDbContext"' using provider '"Npgsql.EntityFrameworkCore.PostgreSQL"' with options: "None" (9958f5bb)
2020-11-19T14:33:22.8753552+03:00 80000004-0006-ff00-b63f-84710c7967bb [INF] Executed DbCommand ("30"ms) [Parameters=[""], CommandType='Text', CommandTimeout='30']"
""SELECT a.\"Id\", a.\"AccessFailedCount\", a.\"ConcurrencyStamp\", a.\"Email\", a.\"EmailConfirmed\", a.\"FirstName\", a.\"LastName\", a.\"LockoutEnabled\", a.\"LockoutEnd\", a.\"NormalizedEmail\", a.\"NormalizedUserName\", a.\"PasswordHash\", a.\"PhoneNumber\", a.\"PhoneNumberConfirmed\", a.\"ProfilePicture\", a.\"SecurityStamp\", a.\"TwoFactorEnabled\", a.\"UserName\"
FROM \"AspNetUsers\" AS a
WHERE (a.\"UserName\" IS NULL)
LIMIT 1" (0723d8ff)
2020-11-19T14:33:25.3887900+03:00 80000004-0006-ff00-b63f-84710c7967bb [INF] Executed endpoint '"/NotificationHub"' (99874f2b)
2020-11-19T14:33:25.3904057+03:00 80000004-0006-ff00-b63f-84710c7967bb [INF] Request finished in 2553.8315ms 101  (791a596a)
